E:\LFF\VS_PROJECT\WIN32APPDEMO\WIN32APPDEMO\DEBUG\WIN32APPDEMO.PCH
E:\LFF\VS_PROJECT\WIN32APPDEMO\WIN32APPDEMO\DEBUG\STDAFX.OBJ
E:\LFF\VS_PROJECT\WIN32APPDEMO\WIN32APPDEMO\DEBUG\VC110.PDB
E:\LFF\VS_PROJECT\WIN32APPDEMO\WIN32APPDEMO\DEBUG\WIN32APPDEMO.OBJ
E:\LFF\VS_PROJECT\WIN32APPDEMO\WIN32APPDEMO\DEBUG\WIN32APPDEMO.RES
E:\lff\VS_project\Win32AppDemo\Win32AppDemo\Debug\stdafx.obj
E:\lff\VS_project\Win32AppDemo\Win32AppDemo\Debug\Win32AppDemo.obj
E:\lff\VS_project\Win32AppDemo\Win32AppDemo\Debug\cl.command.1.tlog
E:\lff\VS_project\Win32AppDemo\Win32AppDemo\Debug\CL.read.1.tlog
E:\lff\VS_project\Win32AppDemo\Win32AppDemo\Debug\CL.write.1.tlog
E:\lff\VS_project\Win32AppDemo\Win32AppDemo\Debug\link-cvtres.read.1.tlog
E:\lff\VS_project\Win32AppDemo\Win32AppDemo\Debug\link-cvtres.write.1.tlog
E:\lff\VS_project\Win32AppDemo\Win32AppDemo\Debug\link-rc.read.1.tlog
E:\lff\VS_project\Win32AppDemo\Win32AppDemo\Debug\link-rc.write.1.tlog
E:\lff\VS_project\Win32AppDemo\Win32AppDemo\Debug\link.command.1.tlog
E:\lff\VS_project\Win32AppDemo\Win32AppDemo\Debug\link.read.1.tlog
E:\lff\VS_project\Win32AppDemo\Win32AppDemo\Debug\link.write.1.tlog
E:\lff\VS_project\Win32AppDemo\Win32AppDemo\Debug\rc.command.1.tlog
E:\lff\VS_project\Win32AppDemo\Win32AppDemo\Debug\rc.read.1.tlog
E:\lff\VS_project\Win32AppDemo\Win32AppDemo\Debug\rc.write.1.tlog
E:\lff\VS_project\Win32AppDemo\Win32AppDemo\Debug\Win32AppDemo.res
E:\lff\VS_project\Win32AppDemo\Win32AppDemo\Debug\Win32AppDemo.pch
E:\lff\VS_project\Win32AppDemo\Win32AppDemo\Debug\vc110.idb
E:\lff\VS_project\Win32AppDemo\Win32AppDemo\Debug\vc110.pdb
E:\lff\VS_project\Win32AppDemo\Debug\Win32AppDemo.pdb
E:\lff\VS_project\Win32AppDemo\Debug\Win32AppDemo.exe
